2025-11-16 19:38:08,727 - INFO - 🚀 Pipeline started
2025-11-16 19:38:08,727 - INFO - Loading clean_sales.csv ...
2025-11-16 19:38:08,748 - INFO - Loaded 16327 rows and 11 columns.
2025-11-16 19:38:08,748 - INFO - Connecting to MySQL...
2025-11-16 19:38:08,847 - INFO - Recreating table sales_data...
2025-11-16 19:41:56,372 - INFO - 🚀 Pipeline started
2025-11-16 19:41:56,372 - INFO - Loading clean_sales.csv ...
2025-11-16 19:41:56,387 - INFO - Loaded 16327 rows and 11 columns.
2025-11-16 19:41:56,387 - INFO - Connecting to MySQL...
2025-11-16 19:41:56,428 - INFO - Recreating table sales_data...
2025-11-17 12:18:23,348 - INFO - 🚀 Pipeline started
2025-11-17 12:18:23,348 - INFO - Loading clean_sales.csv ...
2025-11-17 12:18:23,363 - INFO - Loaded 16327 rows and 11 columns.
2025-11-17 12:18:23,363 - INFO - Connecting to MySQL...
2025-11-17 12:18:23,408 - INFO - Recreating table sales_data...
2025-11-17 12:18:23,448 - INFO - Inserting rows...
2025-11-17 12:19:05,905 - INFO - 🚀 Pipeline started
2025-11-17 12:19:05,905 - INFO - Loading clean_sales.csv ...
2025-11-17 12:19:05,925 - INFO - Loaded 16327 rows and 11 columns.
2025-11-17 12:19:05,925 - INFO - Connecting to MySQL...
2025-11-17 12:19:05,964 - INFO - Recreating table sales_data...
2025-11-17 12:19:05,977 - INFO - Inserting rows...
2025-11-17 12:19:06,170 - INFO - Inserted 16327 rows successfully.
2025-11-17 12:19:06,170 - INFO - Pipeline finished in 0.27 seconds
