2025-11-17 12:40:50,834 - INFO - 🚀 Pipeline started
2025-11-17 12:40:50,834 - INFO - Loading clean_sales.csv ...
2025-11-17 12:40:50,853 - INFO - Loaded 16327 rows and 11 columns.
2025-11-17 12:40:50,853 - INFO - Connecting to MySQL...
2025-11-17 12:40:50,889 - INFO - Recreating table sales_data...
2025-11-17 12:40:50,912 - INFO - Inserting rows...
2025-11-17 12:40:51,098 - INFO - Inserted 16327 rows successfully.
2025-11-17 12:40:51,099 - INFO - Pipeline finished in 0.26 seconds
2025-11-17 12:41:39,069 - INFO - 🚀 Pipeline started
2025-11-17 12:41:39,070 - INFO - Loading clean_sales.csv ...
2025-11-17 12:41:39,084 - INFO - Loaded 16327 rows and 11 columns.
2025-11-17 12:41:39,084 - INFO - Connecting to MySQL...
2025-11-17 12:41:39,798 - INFO - Recreating table sales_data...
2025-11-17 12:41:39,818 - INFO - Inserting rows...
2025-11-17 12:41:40,022 - INFO - Inserted 16327 rows successfully.
2025-11-17 12:41:40,022 - INFO - Pipeline finished in 0.95 seconds
2025-11-17 15:47:13,523 - INFO - 🚀 Pipeline started
2025-11-17 15:47:13,523 - INFO - Loading clean_sales.csv ...
2025-11-17 15:47:13,542 - INFO - Loaded 16327 rows and 11 columns.
2025-11-17 15:47:13,542 - INFO - Connecting to MySQL...
2025-11-17 15:47:13,576 - INFO - Recreating table sales_data...
2025-11-17 15:47:13,604 - INFO - Inserting rows...
2025-11-17 15:47:13,800 - INFO - Inserted 16327 rows successfully.
2025-11-17 15:47:13,800 - INFO - Pipeline finished in 0.28 seconds
